Compiling the C compiler identification source file "CMakeCCompilerId.c" failed.
Compiler: /usr/bin/gcc 
Build flags: ;-m32
Id flags:  

The output was:
1
ld: warning: The i386 architecture is deprecated for macOS (remove from the Xcode build setting: ARCHS)
ld: warning: ignoring file /Library/Developer/CommandLineTools/SDKs/MacOSX.sdk/usr/lib/libSystem.tbd, missing required architecture i386 in file /Library/Developer/CommandLineTools/SDKs/MacOSX.sdk/usr/lib/libSystem.tbd (3 slices)
ld: dynamic main executables must link with libSystem.dylib for architecture i386
clang: error: linker command failed with exit code 1 (use -v to see invocation)


Compiling the CXX compiler identification source file "CMakeCXXCompilerId.cpp" failed.
Compiler: /usr/bin/g++ 
Build flags: ;-m32
Id flags:  

The output was:
1
ld: warning: The i386 architecture is deprecated for macOS (remove from the Xcode build setting: ARCHS)
ld: warning: ignoring file /Library/Developer/CommandLineTools/SDKs/MacOSX.sdk/usr/lib/libc++.tbd, missing required architecture i386 in file /Library/Developer/CommandLineTools/SDKs/MacOSX.sdk/usr/lib/libc++.tbd (3 slices)
ld: warning: ignoring file /Library/Developer/CommandLineTools/SDKs/MacOSX.sdk/usr/lib/libSystem.tbd, missing required architecture i386 in file /Library/Developer/CommandLineTools/SDKs/MacOSX.sdk/usr/lib/libSystem.tbd (3 slices)
ld: dynamic main executables must link with libSystem.dylib for architecture i386
clang: error: linker command failed with exit code 1 (use -v to see invocation)


Detecting C compiler ABI info failed to compile with the following output:
Change Dir: /Users/andreasravnholt/Universitet/5semester/P5-projekt/CMakeFiles/CMakeTmp

Run Build Command(s):/usr/bin/make -f Makefile cmTC_bb9a8/fast && /Library/Developer/CommandLineTools/usr/bin/make  -f CMakeFiles/cmTC_bb9a8.dir/build.make CMakeFiles/cmTC_bb9a8.dir/build
Building C object CMakeFiles/cmTC_bb9a8.dir/CMakeCCompilerABI.c.o
/usr/bin/gcc   -m32  -isysroot /Library/Developer/CommandLineTools/SDKs/MacOSX11.1.sdk   -v -Wl,-v -MD -MT CMakeFiles/cmTC_bb9a8.dir/CMakeCCompilerABI.c.o -MF CMakeFiles/cmTC_bb9a8.dir/CMakeCCompilerABI.c.o.d -o CMakeFiles/cmTC_bb9a8.dir/CMakeCCompilerABI.c.o -c /Library/Frameworks/Python.framework/Versions/3.8/lib/python3.8/site-packages/cmake/data/CMake.app/Contents/share/cmake-3.24/Modules/CMakeCCompilerABI.c
Apple clang version 12.0.0 (clang-1200.0.32.29)
Target: i386-apple-darwin21.6.0
Thread model: posix
InstalledDir: /Library/Developer/CommandLineTools/usr/bin
clang: warning: -Wl,-v: 'linker' input unused [-Wunused-command-line-argument]
 "/Library/Developer/CommandLineTools/usr/bin/clang" -cc1 -triple i386-apple-macosx11.1.0 -emit-obj -mrelax-all -disable-free -disable-llvm-verifier -discard-value-names -main-file-name CMakeCCompilerABI.c -mrelocation-model pic -pic-level 2 -mthread-model posix -mframe-pointer=all -fno-strict-return -masm-verbose -munwind-tables -target-sdk-version=11.1 -target-cpu penryn -dwarf-column-info -debugger-tuning=lldb -target-linker-version 609.8 -v -resource-dir /Library/Developer/CommandLineTools/usr/lib/clang/12.0.0 -dependency-file CMakeFiles/cmTC_bb9a8.dir/CMakeCCompilerABI.c.o.d -skip-unused-modulemap-deps -MT CMakeFiles/cmTC_bb9a8.dir/CMakeCCompilerABI.c.o -sys-header-deps -isysroot /Library/Developer/CommandLineTools/SDKs/MacOSX11.1.sdk -internal-isystem /Library/Developer/CommandLineTools/SDKs/MacOSX11.1.sdk/usr/local/include -internal-isystem /Library/Developer/CommandLineTools/usr/lib/clang/12.0.0/include -internal-externc-isystem /Library/Developer/CommandLineTools/SDKs/MacOSX11.1.sdk/usr/include -internal-externc-isystem /Library/Developer/CommandLineTools/usr/include -Wno-reorder-init-list -Wno-implicit-int-float-conversion -Wno-c99-designator -Wno-final-dtor-non-final-class -Wno-extra-semi-stmt -Wno-misleading-indentation -Wno-quoted-include-in-framework-header -Wno-implicit-fallthrough -Wno-enum-enum-conversion -Wno-enum-float-conversion -fdebug-compilation-dir /Users/andreasravnholt/Universitet/5semester/P5-projekt/CMakeFiles/CMakeTmp -ferror-limit 19 -fmessage-length 0 -stack-protector 1 -fstack-check -mdarwin-stkchk-strong-link -fblocks -fencode-extended-block-signature -fregister-global-dtors-with-atexit -fgnuc-version=4.2.1 -fobjc-runtime=macosx-fragile-11.1.0 -fobjc-subscripting-legacy-runtime -fmax-type-align=16 -fdiagnostics-show-option -o CMakeFiles/cmTC_bb9a8.dir/CMakeCCompilerABI.c.o -x c /Library/Frameworks/Python.framework/Versions/3.8/lib/python3.8/site-packages/cmake/data/CMake.app/Contents/share/cmake-3.24/Modules/CMakeCCompilerABI.c
clang -cc1 version 12.0.0 (clang-1200.0.32.29) default target x86_64-apple-darwin21.6.0
ignoring nonexistent directory "/Library/Developer/CommandLineTools/SDKs/MacOSX11.1.sdk/usr/local/include"
ignoring nonexistent directory "/Library/Developer/CommandLineTools/SDKs/MacOSX11.1.sdk/Library/Frameworks"
#include "..." search starts here:
#include <...> search starts here:
 /Library/Developer/CommandLineTools/usr/lib/clang/12.0.0/include
 /Library/Developer/CommandLineTools/SDKs/MacOSX11.1.sdk/usr/include
 /Library/Developer/CommandLineTools/usr/include
 /Library/Developer/CommandLineTools/SDKs/MacOSX11.1.sdk/System/Library/Frameworks (framework directory)
End of search list.
Linking C executable cmTC_bb9a8
/Library/Frameworks/Python.framework/Versions/3.8/lib/python3.8/site-packages/cmake/data/CMake.app/Contents/bin/cmake -E cmake_link_script CMakeFiles/cmTC_bb9a8.dir/link.txt --verbose=1
/usr/bin/gcc  -m32  -isysroot /Library/Developer/CommandLineTools/SDKs/MacOSX11.1.sdk -Wl,-search_paths_first -Wl,-headerpad_max_install_names  -v -Wl,-v CMakeFiles/cmTC_bb9a8.dir/CMakeCCompilerABI.c.o -o cmTC_bb9a8 
Apple clang version 12.0.0 (clang-1200.0.32.29)
Target: i386-apple-darwin21.6.0
Thread model: posix
InstalledDir: /Library/Developer/CommandLineTools/usr/bin
 "/Library/Developer/CommandLineTools/usr/bin/ld" -demangle -lto_library /Library/Developer/CommandLineTools/usr/lib/libLTO.dylib -dynamic -arch i386 -platform_version macos 11.1.0 11.1 -syslibroot /Library/Developer/CommandLineTools/SDKs/MacOSX11.1.sdk -o cmTC_bb9a8 -search_paths_first -headerpad_max_install_names -v CMakeFiles/cmTC_bb9a8.dir/CMakeCCompilerABI.c.o -lSystem /Library/Developer/CommandLineTools/usr/lib/clang/12.0.0/lib/darwin/libclang_rt.osx.a
@(#)PROGRAM:ld  PROJECT:ld64-609.8
BUILD 15:07:46 Dec 18 2020
configured to support archs: armv6 armv7 armv7s arm64 arm64e arm64_32 i386 x86_64 x86_64h armv6m armv7k armv7m armv7em
Library search paths:
	/Library/Developer/CommandLineTools/SDKs/MacOSX11.1.sdk/usr/lib
Framework search paths:
	/Library/Developer/CommandLineTools/SDKs/MacOSX11.1.sdk/System/Library/Frameworks/
ld: warning: The i386 architecture is deprecated for macOS (remove from the Xcode build setting: ARCHS)
ld: warning: ignoring file /Library/Developer/CommandLineTools/SDKs/MacOSX11.1.sdk/usr/lib/libSystem.tbd, missing required architecture i386 in file /Library/Developer/CommandLineTools/SDKs/MacOSX11.1.sdk/usr/lib/libSystem.tbd (3 slices)
ld: dynamic main executables must link with libSystem.dylib for architecture i386
clang: error: linker command failed with exit code 1 (use -v to see invocation)
make[1]: *** [cmTC_bb9a8] Error 1
make: *** [cmTC_bb9a8/fast] Error 2




Determining if the C compiler works failed with the following output:
Change Dir: /Users/andreasravnholt/Universitet/5semester/P5-projekt/CMakeFiles/CMakeTmp

Run Build Command(s):/usr/bin/make -f Makefile cmTC_0dd46/fast && /Library/Developer/CommandLineTools/usr/bin/make  -f CMakeFiles/cmTC_0dd46.dir/build.make CMakeFiles/cmTC_0dd46.dir/build
Building C object CMakeFiles/cmTC_0dd46.dir/testCCompiler.c.o
/usr/bin/gcc   -m32  -isysroot /Library/Developer/CommandLineTools/SDKs/MacOSX11.1.sdk -MD -MT CMakeFiles/cmTC_0dd46.dir/testCCompiler.c.o -MF CMakeFiles/cmTC_0dd46.dir/testCCompiler.c.o.d -o CMakeFiles/cmTC_0dd46.dir/testCCompiler.c.o -c /Users/andreasravnholt/Universitet/5semester/P5-projekt/CMakeFiles/CMakeTmp/testCCompiler.c
Linking C executable cmTC_0dd46
/Library/Frameworks/Python.framework/Versions/3.8/lib/python3.8/site-packages/cmake/data/CMake.app/Contents/bin/cmake -E cmake_link_script CMakeFiles/cmTC_0dd46.dir/link.txt --verbose=1
/usr/bin/gcc  -m32  -isysroot /Library/Developer/CommandLineTools/SDKs/MacOSX11.1.sdk -Wl,-search_paths_first -Wl,-headerpad_max_install_names CMakeFiles/cmTC_0dd46.dir/testCCompiler.c.o -o cmTC_0dd46 
ld: warning: The i386 architecture is deprecated for macOS (remove from the Xcode build setting: ARCHS)
ld: warning: ignoring file /Library/Developer/CommandLineTools/SDKs/MacOSX11.1.sdk/usr/lib/libSystem.tbd, missing required architecture i386 in file /Library/Developer/CommandLineTools/SDKs/MacOSX11.1.sdk/usr/lib/libSystem.tbd (3 slices)
ld: dynamic main executables must link with libSystem.dylib for architecture i386
clang: error: linker command failed with exit code 1 (use -v to see invocation)
make[1]: *** [cmTC_0dd46] Error 1
make: *** [cmTC_0dd46/fast] Error 2



Compiling the C compiler identification source file "CMakeCCompilerId.c" failed.
Compiler: /usr/bin/gcc 
Build flags: ;-m32
Id flags:  

The output was:
1
ld: warning: The i386 architecture is deprecated for macOS (remove from the Xcode build setting: ARCHS)
ld: warning: ignoring file /Library/Developer/CommandLineTools/SDKs/MacOSX.sdk/usr/lib/libSystem.tbd, missing required architecture i386 in file /Library/Developer/CommandLineTools/SDKs/MacOSX.sdk/usr/lib/libSystem.tbd (3 slices)
ld: dynamic main executables must link with libSystem.dylib for architecture i386
clang: error: linker command failed with exit code 1 (use -v to see invocation)


Compiling the CXX compiler identification source file "CMakeCXXCompilerId.cpp" failed.
Compiler: /usr/bin/g++ 
Build flags: ;-m32
Id flags:  

The output was:
1
ld: warning: The i386 architecture is deprecated for macOS (remove from the Xcode build setting: ARCHS)
ld: warning: ignoring file /Library/Developer/CommandLineTools/SDKs/MacOSX.sdk/usr/lib/libc++.tbd, missing required architecture i386 in file /Library/Developer/CommandLineTools/SDKs/MacOSX.sdk/usr/lib/libc++.tbd (3 slices)
ld: warning: ignoring file /Library/Developer/CommandLineTools/SDKs/MacOSX.sdk/usr/lib/libSystem.tbd, missing required architecture i386 in file /Library/Developer/CommandLineTools/SDKs/MacOSX.sdk/usr/lib/libSystem.tbd (3 slices)
ld: dynamic main executables must link with libSystem.dylib for architecture i386
clang: error: linker command failed with exit code 1 (use -v to see invocation)


Detecting C compiler ABI info failed to compile with the following output:
Change Dir: /Users/andreasravnholt/Universitet/5semester/P5-projekt/CMakeFiles/CMakeTmp

Run Build Command(s):/usr/bin/make -f Makefile cmTC_d6e9b/fast && /Library/Developer/CommandLineTools/usr/bin/make  -f CMakeFiles/cmTC_d6e9b.dir/build.make CMakeFiles/cmTC_d6e9b.dir/build
Building C object CMakeFiles/cmTC_d6e9b.dir/CMakeCCompilerABI.c.o
/usr/bin/gcc   -m32  -isysroot /Library/Developer/CommandLineTools/SDKs/MacOSX11.1.sdk   -v -Wl,-v -MD -MT CMakeFiles/cmTC_d6e9b.dir/CMakeCCompilerABI.c.o -MF CMakeFiles/cmTC_d6e9b.dir/CMakeCCompilerABI.c.o.d -o CMakeFiles/cmTC_d6e9b.dir/CMakeCCompilerABI.c.o -c /Library/Frameworks/Python.framework/Versions/3.8/lib/python3.8/site-packages/cmake/data/CMake.app/Contents/share/cmake-3.24/Modules/CMakeCCompilerABI.c
Apple clang version 12.0.0 (clang-1200.0.32.29)
Target: i386-apple-darwin21.6.0
Thread model: posix
InstalledDir: /Library/Developer/CommandLineTools/usr/bin
clang: warning: -Wl,-v: 'linker' input unused [-Wunused-command-line-argument]
 "/Library/Developer/CommandLineTools/usr/bin/clang" -cc1 -triple i386-apple-macosx11.1.0 -emit-obj -mrelax-all -disable-free -disable-llvm-verifier -discard-value-names -main-file-name CMakeCCompilerABI.c -mrelocation-model pic -pic-level 2 -mthread-model posix -mframe-pointer=all -fno-strict-return -masm-verbose -munwind-tables -target-sdk-version=11.1 -target-cpu penryn -dwarf-column-info -debugger-tuning=lldb -target-linker-version 609.8 -v -resource-dir /Library/Developer/CommandLineTools/usr/lib/clang/12.0.0 -dependency-file CMakeFiles/cmTC_d6e9b.dir/CMakeCCompilerABI.c.o.d -skip-unused-modulemap-deps -MT CMakeFiles/cmTC_d6e9b.dir/CMakeCCompilerABI.c.o -sys-header-deps -isysroot /Library/Developer/CommandLineTools/SDKs/MacOSX11.1.sdk -internal-isystem /Library/Developer/CommandLineTools/SDKs/MacOSX11.1.sdk/usr/local/include -internal-isystem /Library/Developer/CommandLineTools/usr/lib/clang/12.0.0/include -internal-externc-isystem /Library/Developer/CommandLineTools/SDKs/MacOSX11.1.sdk/usr/include -internal-externc-isystem /Library/Developer/CommandLineTools/usr/include -Wno-reorder-init-list -Wno-implicit-int-float-conversion -Wno-c99-designator -Wno-final-dtor-non-final-class -Wno-extra-semi-stmt -Wno-misleading-indentation -Wno-quoted-include-in-framework-header -Wno-implicit-fallthrough -Wno-enum-enum-conversion -Wno-enum-float-conversion -fdebug-compilation-dir /Users/andreasravnholt/Universitet/5semester/P5-projekt/CMakeFiles/CMakeTmp -ferror-limit 19 -fmessage-length 0 -stack-protector 1 -fstack-check -mdarwin-stkchk-strong-link -fblocks -fencode-extended-block-signature -fregister-global-dtors-with-atexit -fgnuc-version=4.2.1 -fobjc-runtime=macosx-fragile-11.1.0 -fobjc-subscripting-legacy-runtime -fmax-type-align=16 -fdiagnostics-show-option -o CMakeFiles/cmTC_d6e9b.dir/CMakeCCompilerABI.c.o -x c /Library/Frameworks/Python.framework/Versions/3.8/lib/python3.8/site-packages/cmake/data/CMake.app/Contents/share/cmake-3.24/Modules/CMakeCCompilerABI.c
clang -cc1 version 12.0.0 (clang-1200.0.32.29) default target x86_64-apple-darwin21.6.0
ignoring nonexistent directory "/Library/Developer/CommandLineTools/SDKs/MacOSX11.1.sdk/usr/local/include"
ignoring nonexistent directory "/Library/Developer/CommandLineTools/SDKs/MacOSX11.1.sdk/Library/Frameworks"
#include "..." search starts here:
#include <...> search starts here:
 /Library/Developer/CommandLineTools/usr/lib/clang/12.0.0/include
 /Library/Developer/CommandLineTools/SDKs/MacOSX11.1.sdk/usr/include
 /Library/Developer/CommandLineTools/usr/include
 /Library/Developer/CommandLineTools/SDKs/MacOSX11.1.sdk/System/Library/Frameworks (framework directory)
End of search list.
Linking C executable cmTC_d6e9b
/Library/Frameworks/Python.framework/Versions/3.8/lib/python3.8/site-packages/cmake/data/CMake.app/Contents/bin/cmake -E cmake_link_script CMakeFiles/cmTC_d6e9b.dir/link.txt --verbose=1
/usr/bin/gcc  -m32  -isysroot /Library/Developer/CommandLineTools/SDKs/MacOSX11.1.sdk -Wl,-search_paths_first -Wl,-headerpad_max_install_names  -v -Wl,-v CMakeFiles/cmTC_d6e9b.dir/CMakeCCompilerABI.c.o -o cmTC_d6e9b 
Apple clang version 12.0.0 (clang-1200.0.32.29)
Target: i386-apple-darwin21.6.0
Thread model: posix
InstalledDir: /Library/Developer/CommandLineTools/usr/bin
 "/Library/Developer/CommandLineTools/usr/bin/ld" -demangle -lto_library /Library/Developer/CommandLineTools/usr/lib/libLTO.dylib -dynamic -arch i386 -platform_version macos 11.1.0 11.1 -syslibroot /Library/Developer/CommandLineTools/SDKs/MacOSX11.1.sdk -o cmTC_d6e9b -search_paths_first -headerpad_max_install_names -v CMakeFiles/cmTC_d6e9b.dir/CMakeCCompilerABI.c.o -lSystem /Library/Developer/CommandLineTools/usr/lib/clang/12.0.0/lib/darwin/libclang_rt.osx.a
@(#)PROGRAM:ld  PROJECT:ld64-609.8
BUILD 15:07:46 Dec 18 2020
configured to support archs: armv6 armv7 armv7s arm64 arm64e arm64_32 i386 x86_64 x86_64h armv6m armv7k armv7m armv7em
Library search paths:
	/Library/Developer/CommandLineTools/SDKs/MacOSX11.1.sdk/usr/lib
Framework search paths:
	/Library/Developer/CommandLineTools/SDKs/MacOSX11.1.sdk/System/Library/Frameworks/
ld: warning: The i386 architecture is deprecated for macOS (remove from the Xcode build setting: ARCHS)
ld: warning: ignoring file /Library/Developer/CommandLineTools/SDKs/MacOSX11.1.sdk/usr/lib/libSystem.tbd, missing required architecture i386 in file /Library/Developer/CommandLineTools/SDKs/MacOSX11.1.sdk/usr/lib/libSystem.tbd (3 slices)
ld: dynamic main executables must link with libSystem.dylib for architecture i386
clang: error: linker command failed with exit code 1 (use -v to see invocation)
make[1]: *** [cmTC_d6e9b] Error 1
make: *** [cmTC_d6e9b/fast] Error 2




Determining if the C compiler works failed with the following output:
Change Dir: /Users/andreasravnholt/Universitet/5semester/P5-projekt/CMakeFiles/CMakeTmp

Run Build Command(s):/usr/bin/make -f Makefile cmTC_e737b/fast && /Library/Developer/CommandLineTools/usr/bin/make  -f CMakeFiles/cmTC_e737b.dir/build.make CMakeFiles/cmTC_e737b.dir/build
Building C object CMakeFiles/cmTC_e737b.dir/testCCompiler.c.o
/usr/bin/gcc   -m32  -isysroot /Library/Developer/CommandLineTools/SDKs/MacOSX11.1.sdk -MD -MT CMakeFiles/cmTC_e737b.dir/testCCompiler.c.o -MF CMakeFiles/cmTC_e737b.dir/testCCompiler.c.o.d -o CMakeFiles/cmTC_e737b.dir/testCCompiler.c.o -c /Users/andreasravnholt/Universitet/5semester/P5-projekt/CMakeFiles/CMakeTmp/testCCompiler.c
Linking C executable cmTC_e737b
/Library/Frameworks/Python.framework/Versions/3.8/lib/python3.8/site-packages/cmake/data/CMake.app/Contents/bin/cmake -E cmake_link_script CMakeFiles/cmTC_e737b.dir/link.txt --verbose=1
/usr/bin/gcc  -m32  -isysroot /Library/Developer/CommandLineTools/SDKs/MacOSX11.1.sdk -Wl,-search_paths_first -Wl,-headerpad_max_install_names CMakeFiles/cmTC_e737b.dir/testCCompiler.c.o -o cmTC_e737b 
ld: warning: The i386 architecture is deprecated for macOS (remove from the Xcode build setting: ARCHS)
ld: warning: ignoring file /Library/Developer/CommandLineTools/SDKs/MacOSX11.1.sdk/usr/lib/libSystem.tbd, missing required architecture i386 in file /Library/Developer/CommandLineTools/SDKs/MacOSX11.1.sdk/usr/lib/libSystem.tbd (3 slices)
ld: dynamic main executables must link with libSystem.dylib for architecture i386
clang: error: linker command failed with exit code 1 (use -v to see invocation)
make[1]: *** [cmTC_e737b] Error 1
make: *** [cmTC_e737b/fast] Error 2



